<?xml version="1.0" encoding="UTF-8"?>
<testsuite xmlns:xsi="http://www.w3.org/2001/XMLSchema-instance" xsi:noNamespaceSchemaLocation="https://maven.apache.org/surefire/maven-surefire-plugin/xsd/surefire-test-report.xsd" name="com.silverbars.marketplace.util.OrderSummaryHelperTest" time="0.01" tests="4" errors="0" skipped="0" failures="0">
  <properties>
[...]
</properties>
  <testcase name="shouldCreateSummaryForBuyOrderWithHighestPriceFirst" classname="com.silverbars.marketplace.util.OrderSummaryHelperTest" time="0.007"/>
  <testcase name="shouldCreateSummary" classname="com.silverbars.marketplace.util.OrderSummaryHelperTest" time="0"/>
  <testcase name="shouldMergeQuantity" classname="com.silverbars.marketplace.util.OrderSummaryHelperTest" time="0.001"/>
  <testcase name="shouldCreateSummaryForSellOrderWithLowestPriceFirst" classname="com.silverbars.marketplace.util.OrderSummaryHelperTest" time="0"/>
</testsuite>